2025-11-07 12:06:58,452 [INFO] Manual ETL run initiated...
2025-11-07 12:06:58,453 [ERROR] Oracle connection not configured.
2025-11-07 13:10:10,411 [INFO] Manual ETL run initiated...
2025-11-07 13:10:10,413 [ERROR] ❌ Failed to read oracle_PACS connection from DB: (psycopg2.errors.UndefinedColumn) column "conn_string" does not exist
LINE 2:                 SELECT conn_string FROM source_db_params WHE...
                               ^

[SQL: 
                SELECT conn_string FROM source_db_params WHERE name = 'oracle_PACS'
            ]
(Background on this error at: https://sqlalche.me/e/20/f405)
2025-11-07 13:10:10,414 [ERROR] Oracle connection not configured. Aborting ETL.
2025-11-07 13:13:06,525 [INFO] Manual ETL run initiated...
2025-11-07 13:13:06,527 [INFO] ✅ Oracle connection loaded from DB (oracle_PACS).
2025-11-07 13:13:06,528 [INFO] 🚀 Starting ETL for didb_studies
2025-11-07 13:13:06,543 [WARNING] No go-live date found for system: didb_studies
2025-11-07 13:13:06,581 [INFO] ✅ ETL for didb_studies completed successfully.
2025-11-07 13:13:06,581 [INFO] 🚀 Starting ETL for didb_patients_view
2025-11-07 13:13:06,583 [WARNING] No go-live date found for system: didb_patients_view
2025-11-07 13:13:06,586 [INFO] ✅ ETL for didb_patients_view completed successfully.
2025-11-07 13:13:06,586 [INFO] 🚀 Starting ETL for mdb_orders
2025-11-07 13:13:06,588 [WARNING] No go-live date found for system: mdb_orders
2025-11-07 13:13:06,597 [INFO] ✅ ETL for mdb_orders completed successfully.
2025-11-07 14:56:46,078 [INFO] Manual ETL run initiated...
2025-11-07 14:56:46,080 [INFO] ✅ Oracle connection loaded from DB (oracle_PACS).
2025-11-07 14:56:46,081 [INFO] 🚀 Starting ETL for didb_studies
2025-11-07 14:56:46,098 [INFO] Running ETL for didb_studies starting from 01-Jan-00
2025-11-07 14:56:46,098 [INFO] Starting ETL for DIDB_STUDIES...
2025-11-07 14:56:46,098 [ERROR] PostgreSQL/General ETL Error in studies job: 'str' object has no attribute 'cursor'
2025-11-07 14:56:46,140 [INFO] ✅ ETL for didb_studies completed successfully.
2025-11-07 14:56:46,140 [INFO] 🚀 Starting ETL for didb_patients_view
2025-11-07 14:56:46,142 [INFO] Running ETL for didb_patients_view starting from 01-Jan-00
2025-11-07 14:56:46,142 [INFO] Starting ETL for DIDB_PATIENTS_VIEW...
2025-11-07 14:56:46,142 [ERROR] PostgreSQL/General ETL Error in patients job: 'str' object has no attribute 'cursor'
2025-11-07 14:56:46,146 [INFO] ✅ ETL for didb_patients_view completed successfully.
2025-11-07 14:56:46,146 [INFO] 🚀 Starting ETL for mdb_orders
2025-11-07 14:56:46,148 [INFO] Running ETL for mdb_orders starting from 01-Jan-00
2025-11-07 14:56:46,148 [INFO] Starting ETL for MDB_ORDERS...
2025-11-07 14:56:46,148 [ERROR] PostgreSQL/General ETL Error in orders job: 'str' object has no attribute 'cursor'
2025-11-07 14:56:46,151 [INFO] ✅ ETL for mdb_orders completed successfully.
